*** Starting uWSGI 2.0.18 (64bit) on [Thu Mar  5 06:18:40 2020] ***
compiled with version: 7.4.0 on 05 March 2020 04:58:57
os: Linux-4.15.0-29-generic #31-Ubuntu SMP Tue Jul 17 15:39:52 UTC 2018
nodename: ebs-59510
machine: x86_64
clock source: unix
detected number of CPU cores: 4
current working directory: /root/starter
detected binary path: /root/.local/share/virtualenvs/starter-ELB0AcD-/bin/uwsgi
!!! no internal routing support, rebuild with pcre support !!!
uWSGI running as root, you can use --uid/--gid/--chroot options
*** WARNING: you are running uWSGI as root !!! (use the --uid flag) *** 
chdir() to /root/starter
your processes number limit is 15546
your memory page size is 4096 bytes
detected max file descriptor number: 1024
lock engine: pthread robust mutexes
thunder lock: disabled (you can enable it with --thunder-lock)
uwsgi socket 0 bound to UNIX address /root/starter/starter.sock fd 3
probably another instance of uWSGI is running on the same address (127.0.0.1:8000).
bind(): Address already in use [core/socket.c line 769]
VACUUM: unix socket /root/starter/starter.sock removed.
*** Starting uWSGI 2.0.18 (64bit) on [Thu Mar  5 06:18:53 2020] ***
compiled with version: 7.4.0 on 05 March 2020 04:58:57
os: Linux-4.15.0-29-generic #31-Ubuntu SMP Tue Jul 17 15:39:52 UTC 2018
nodename: ebs-59510
machine: x86_64
clock source: unix
detected number of CPU cores: 4
current working directory: /root/starter
detected binary path: /root/.local/share/virtualenvs/starter-ELB0AcD-/bin/uwsgi
!!! no internal routing support, rebuild with pcre support !!!
uWSGI running as root, you can use --uid/--gid/--chroot options
*** WARNING: you are running uWSGI as root !!! (use the --uid flag) *** 
chdir() to /root/starter
your processes number limit is 15546
your memory page size is 4096 bytes
detected max file descriptor number: 1024
lock engine: pthread robust mutexes
thunder lock: disabled (you can enable it with --thunder-lock)
uwsgi socket 0 bound to UNIX address /root/starter/starter.sock fd 3
probably another instance of uWSGI is running on the same address (127.0.0.1:8000).
bind(): Address already in use [core/socket.c line 769]
VACUUM: unix socket /root/starter/starter.sock removed.
*** Starting uWSGI 2.0.18 (64bit) on [Thu Mar  5 06:20:40 2020] ***
compiled with version: 7.4.0 on 05 March 2020 04:58:57
os: Linux-4.15.0-29-generic #31-Ubuntu SMP Tue Jul 17 15:39:52 UTC 2018
nodename: ebs-59510
machine: x86_64
clock source: unix
detected number of CPU cores: 4
current working directory: /root/starter
detected binary path: /root/.local/share/virtualenvs/starter-ELB0AcD-/bin/uwsgi
!!! no internal routing support, rebuild with pcre support !!!
uWSGI running as root, you can use --uid/--gid/--chroot options
*** WARNING: you are running uWSGI as root !!! (use the --uid flag) *** 
chdir() to /root/starter
your processes number limit is 15546
your memory page size is 4096 bytes
detected max file descriptor number: 1024
lock engine: pthread robust mutexes
thunder lock: disabled (you can enable it with --thunder-lock)
uwsgi socket 0 bound to UNIX address /root/starter/starter.sock fd 3
uwsgi socket 1 bound to TCP address 127.0.0.1:5000 fd 4
uWSGI running as root, you can use --uid/--gid/--chroot options
*** WARNING: you are running uWSGI as root !!! (use the --uid flag) *** 
Python version: 3.6.9 (default, Nov  7 2019, 10:44:02)  [GCC 8.3.0]
*** Python threads support is disabled. You can enable it with --enable-threads ***
Python main interpreter initialized at 0x557cb1c6c3e0
uWSGI running as root, you can use --uid/--gid/--chroot options
*** WARNING: you are running uWSGI as root !!! (use the --uid flag) *** 
your server socket listen backlog is limited to 100 connections
your mercy for graceful operations on workers is 60 seconds
mapped 291616 bytes (284 KB) for 3 cores
*** Operational MODE: preforking ***
INFO:flask.ext.cors:Configuring CORS with resources: {'/*': {'origins': ['.*'], 'methods': 'DELETE, GET, HEAD, OPTIONS, PATCH, POST, PUT', 'allow_headers': ['.*'], 'automatic_options': True, 'send_wildcard': False, 'vary_header': True, 'supports_credentials': False, 'resources': '/*', 'intercept_exceptions': True}}
WSGI app 0 (mountpoint='') ready in 3 seconds on interpreter 0x557cb1c6c3e0 pid: 2017 (default app)
uWSGI running as root, you can use --uid/--gid/--chroot options
*** WARNING: you are running uWSGI as root !!! (use the --uid flag) *** 
*** uWSGI is running in multiple interpreter mode ***
spawned uWSGI master process (pid: 2017)
spawned uWSGI worker 1 (pid: 2041, cores: 1)
spawned uWSGI worker 2 (pid: 2042, cores: 1)
spawned uWSGI worker 3 (pid: 2043, cores: 1)
SIGINT/SIGQUIT received...killing workers...
worker 2 buried after 0 seconds
worker 1 buried after 0 seconds
worker 3 buried after 1 seconds
goodbye to uWSGI.
VACUUM: unix socket /root/starter/starter.sock removed.
*** Starting uWSGI 2.0.18 (64bit) on [Thu Mar  5 06:25:21 2020] ***
compiled with version: 7.4.0 on 05 March 2020 04:58:57
os: Linux-4.15.0-29-generic #31-Ubuntu SMP Tue Jul 17 15:39:52 UTC 2018
nodename: ebs-59510
machine: x86_64
clock source: unix
detected number of CPU cores: 4
current working directory: /root/starter
detected binary path: /root/.local/share/virtualenvs/starter-ELB0AcD-/bin/uwsgi
!!! no internal routing support, rebuild with pcre support !!!
uWSGI running as root, you can use --uid/--gid/--chroot options
*** WARNING: you are running uWSGI as root !!! (use the --uid flag) *** 
chdir() to /root/starter
your processes number limit is 15546
your memory page size is 4096 bytes
detected max file descriptor number: 1024
lock engine: pthread robust mutexes
thunder lock: disabled (you can enable it with --thunder-lock)
uwsgi socket 0 bound to UNIX address /root/starter/starter.sock fd 3
uwsgi socket 1 bound to TCP address 127.0.0.1:5000 fd 4
uWSGI running as root, you can use --uid/--gid/--chroot options
*** WARNING: you are running uWSGI as root !!! (use the --uid flag) *** 
Python version: 3.6.9 (default, Nov  7 2019, 10:44:02)  [GCC 8.3.0]
*** Python threads support is disabled. You can enable it with --enable-threads ***
Python main interpreter initialized at 0x5626c8ec23d0
uWSGI running as root, you can use --uid/--gid/--chroot options
*** WARNING: you are running uWSGI as root !!! (use the --uid flag) *** 
your server socket listen backlog is limited to 100 connections
your mercy for graceful operations on workers is 60 seconds
mapped 291616 bytes (284 KB) for 3 cores
*** Operational MODE: preforking ***
INFO:flask.ext.cors:Configuring CORS with resources: {'/*': {'origins': ['.*'], 'methods': 'DELETE, GET, HEAD, OPTIONS, PATCH, POST, PUT', 'allow_headers': ['.*'], 'automatic_options': True, 'send_wildcard': False, 'vary_header': True, 'supports_credentials': False, 'resources': '/*', 'intercept_exceptions': True}}
WSGI app 0 (mountpoint='') ready in 3 seconds on interpreter 0x5626c8ec23d0 pid: 2199 (default app)
uWSGI running as root, you can use --uid/--gid/--chroot options
*** WARNING: you are running uWSGI as root !!! (use the --uid flag) *** 
*** uWSGI is running in multiple interpreter mode ***
spawned uWSGI master process (pid: 2199)
spawned uWSGI worker 1 (pid: 2223, cores: 1)
spawned uWSGI worker 2 (pid: 2224, cores: 1)
spawned uWSGI worker 3 (pid: 2225, cores: 1)
SIGINT/SIGQUIT received...killing workers...
worker 1 buried after 1 seconds
worker 2 buried after 1 seconds
worker 3 buried after 1 seconds
goodbye to uWSGI.
VACUUM: unix socket /root/starter/starter.sock removed.
*** Starting uWSGI 2.0.18 (64bit) on [Thu Mar  5 06:37:02 2020] ***
compiled with version: 7.4.0 on 05 March 2020 04:58:57
os: Linux-4.15.0-29-generic #31-Ubuntu SMP Tue Jul 17 15:39:52 UTC 2018
nodename: ebs-59510
machine: x86_64
clock source: unix
detected number of CPU cores: 4
current working directory: /root/starter
detected binary path: /root/.local/share/virtualenvs/starter-ELB0AcD-/bin/uwsgi
!!! no internal routing support, rebuild with pcre support !!!
uWSGI running as root, you can use --uid/--gid/--chroot options
*** WARNING: you are running uWSGI as root !!! (use the --uid flag) *** 
chdir() to /root/starter
your processes number limit is 15546
your memory page size is 4096 bytes
detected max file descriptor number: 1024
lock engine: pthread robust mutexes
thunder lock: disabled (you can enable it with --thunder-lock)
uWSGI http bound on :5000 fd 3
uwsgi socket 0 bound to UNIX address /root/starter/starter.sock fd 6
probably another instance of uWSGI is running on the same address (127.0.0.1:5000).
bind(): Address already in use [core/socket.c line 769]
VACUUM: unix socket /root/starter/starter.sock removed.
*** Starting uWSGI 2.0.18 (64bit) on [Thu Mar  5 06:50:24 2020] ***
compiled with version: 7.4.0 on 05 March 2020 04:58:57
os: Linux-4.15.0-29-generic #31-Ubuntu SMP Tue Jul 17 15:39:52 UTC 2018
nodename: ebs-59510
machine: x86_64
clock source: unix
detected number of CPU cores: 4
current working directory: /root/starter
detected binary path: /root/.local/share/virtualenvs/starter-ELB0AcD-/bin/uwsgi
!!! no internal routing support, rebuild with pcre support !!!
uWSGI running as root, you can use --uid/--gid/--chroot options
*** WARNING: you are running uWSGI as root !!! (use the --uid flag) *** 
chdir() to /root/starter
your processes number limit is 15546
your memory page size is 4096 bytes
detected max file descriptor number: 1024
lock engine: pthread robust mutexes
thunder lock: disabled (you can enable it with --thunder-lock)
uwsgi socket 0 bound to UNIX address /root/starter/starter.sock fd 3
uwsgi socket 1 bound to TCP address 127.0.0.1:5000 fd 4
uWSGI running as root, you can use --uid/--gid/--chroot options
*** WARNING: you are running uWSGI as root !!! (use the --uid flag) *** 
Python version: 3.6.9 (default, Nov  7 2019, 10:44:02)  [GCC 8.3.0]
*** Python threads support is disabled. You can enable it with --enable-threads ***
Python main interpreter initialized at 0x55b087d59320
uWSGI running as root, you can use --uid/--gid/--chroot options
*** WARNING: you are running uWSGI as root !!! (use the --uid flag) *** 
your server socket listen backlog is limited to 100 connections
your mercy for graceful operations on workers is 60 seconds
mapped 291616 bytes (284 KB) for 3 cores
*** Operational MODE: preforking ***
INFO:flask.ext.cors:Configuring CORS with resources: {'/*': {'origins': ['.*'], 'methods': 'DELETE, GET, HEAD, OPTIONS, PATCH, POST, PUT', 'allow_headers': ['.*'], 'automatic_options': True, 'send_wildcard': False, 'vary_header': True, 'supports_credentials': False, 'resources': '/*', 'intercept_exceptions': True}}
WSGI app 0 (mountpoint='') ready in 5 seconds on interpreter 0x55b087d59320 pid: 12175 (default app)
uWSGI running as root, you can use --uid/--gid/--chroot options
*** WARNING: you are running uWSGI as root !!! (use the --uid flag) *** 
*** uWSGI is running in multiple interpreter mode ***
spawned uWSGI master process (pid: 12175)
spawned uWSGI worker 1 (pid: 12199, cores: 1)
spawned uWSGI worker 2 (pid: 12200, cores: 1)
spawned uWSGI worker 3 (pid: 12201, cores: 1)
SIGINT/SIGQUIT received...killing workers...
worker 1 buried after 1 seconds
worker 2 buried after 1 seconds
worker 3 buried after 1 seconds
goodbye to uWSGI.
VACUUM: unix socket /root/starter/starter.sock removed.
*** Starting uWSGI 2.0.18 (64bit) on [Thu Mar  5 06:57:21 2020] ***
compiled with version: 7.4.0 on 05 March 2020 04:58:57
os: Linux-4.15.0-29-generic #31-Ubuntu SMP Tue Jul 17 15:39:52 UTC 2018
nodename: ebs-59510
machine: x86_64
clock source: unix
detected number of CPU cores: 4
current working directory: /root/starter
detected binary path: /root/.local/share/virtualenvs/starter-ELB0AcD-/bin/uwsgi
!!! no internal routing support, rebuild with pcre support !!!
uWSGI running as root, you can use --uid/--gid/--chroot options
*** WARNING: you are running uWSGI as root !!! (use the --uid flag) *** 
chdir() to /root/starter
your processes number limit is 15546
your memory page size is 4096 bytes
detected max file descriptor number: 1024
lock engine: pthread robust mutexes
thunder lock: disabled (you can enable it with --thunder-lock)
uwsgi socket 0 bound to UNIX address /root/starter/starter.sock fd 3
uwsgi socket 1 bound to TCP address 0.0.0.0:5000 fd 4
uWSGI running as root, you can use --uid/--gid/--chroot options
*** WARNING: you are running uWSGI as root !!! (use the --uid flag) *** 
Python version: 3.6.9 (default, Nov  7 2019, 10:44:02)  [GCC 8.3.0]
*** Python threads support is disabled. You can enable it with --enable-threads ***
Python main interpreter initialized at 0x564a93bf3310
uWSGI running as root, you can use --uid/--gid/--chroot options
*** WARNING: you are running uWSGI as root !!! (use the --uid flag) *** 
your server socket listen backlog is limited to 100 connections
your mercy for graceful operations on workers is 60 seconds
mapped 291616 bytes (284 KB) for 3 cores
*** Operational MODE: preforking ***
INFO:flask.ext.cors:Configuring CORS with resources: {'/*': {'origins': ['.*'], 'methods': 'DELETE, GET, HEAD, OPTIONS, PATCH, POST, PUT', 'allow_headers': ['.*'], 'automatic_options': True, 'send_wildcard': False, 'vary_header': True, 'supports_credentials': False, 'resources': '/*', 'intercept_exceptions': True}}
WSGI app 0 (mountpoint='') ready in 3 seconds on interpreter 0x564a93bf3310 pid: 12240 (default app)
uWSGI running as root, you can use --uid/--gid/--chroot options
*** WARNING: you are running uWSGI as root !!! (use the --uid flag) *** 
*** uWSGI is running in multiple interpreter mode ***
spawned uWSGI master process (pid: 12240)
spawned uWSGI worker 1 (pid: 12264, cores: 1)
spawned uWSGI worker 2 (pid: 12265, cores: 1)
spawned uWSGI worker 3 (pid: 12266, cores: 1)
invalid request block size: 21573 (max 4096)...skip
invalid request block size: 21573 (max 4096)...skip
invalid request block size: 21573 (max 4096)...skip
invalid request block size: 21573 (max 4096)...skip
invalid request block size: 21573 (max 4096)...skip
invalid request block size: 21573 (max 4096)...skip
invalid request block size: 21573 (max 4096)...skip
invalid request block size: 21573 (max 4096)...skip
invalid request block size: 21573 (max 4096)...skip
invalid request block size: 21573 (max 4096)...skip
invalid request block size: 21573 (max 4096)...skip
invalid request block size: 21573 (max 4096)...skip
Thu Mar  5 07:13:07 2020 - uWSGI worker 2 screams: UAAAAAAH my master disconnected: i will kill myself !!!
Thu Mar  5 07:13:07 2020 - uWSGI worker 3 screams: UAAAAAAH my master disconnected: i will kill myself !!!
Thu Mar  5 07:13:07 2020 - uWSGI worker 1 screams: UAAAAAAH my master disconnected: i will kill myself !!!
*** Starting uWSGI 2.0.18 (64bit) on [Thu Mar  5 07:14:34 2020] ***
compiled with version: 7.4.0 on 05 March 2020 04:58:57
os: Linux-4.15.0-29-generic #31-Ubuntu SMP Tue Jul 17 15:39:52 UTC 2018
nodename: ebs-59510
machine: x86_64
clock source: unix
detected number of CPU cores: 4
current working directory: /root/starter
detected binary path: /root/.local/share/virtualenvs/starter-ELB0AcD-/bin/uwsgi
!!! no internal routing support, rebuild with pcre support !!!
uWSGI running as root, you can use --uid/--gid/--chroot options
*** WARNING: you are running uWSGI as root !!! (use the --uid flag) *** 
chdir() to /root/starter
your processes number limit is 15546
your memory page size is 4096 bytes
detected max file descriptor number: 1024
lock engine: pthread robust mutexes
thunder lock: disabled (you can enable it with --thunder-lock)
uwsgi socket 0 bound to UNIX address /root/starter/starter.sock fd 3
uwsgi socket 1 bound to TCP address 0.0.0.0:5000 fd 4
uWSGI running as root, you can use --uid/--gid/--chroot options
*** WARNING: you are running uWSGI as root !!! (use the --uid flag) *** 
Python version: 3.6.9 (default, Nov  7 2019, 10:44:02)  [GCC 8.3.0]
*** Python threads support is disabled. You can enable it with --enable-threads ***
Python main interpreter initialized at 0x5586f8a22310
uWSGI running as root, you can use --uid/--gid/--chroot options
*** WARNING: you are running uWSGI as root !!! (use the --uid flag) *** 
your server socket listen backlog is limited to 100 connections
your mercy for graceful operations on workers is 60 seconds
mapped 291616 bytes (284 KB) for 3 cores
*** Operational MODE: preforking ***
INFO:flask.ext.cors:Configuring CORS with resources: {'/*': {'origins': ['.*'], 'methods': 'DELETE, GET, HEAD, OPTIONS, PATCH, POST, PUT', 'allow_headers': ['.*'], 'automatic_options': True, 'send_wildcard': False, 'vary_header': True, 'supports_credentials': False, 'resources': '/*', 'intercept_exceptions': True}}
WSGI app 0 (mountpoint='') ready in 3 seconds on interpreter 0x5586f8a22310 pid: 12402 (default app)
uWSGI running as root, you can use --uid/--gid/--chroot options
*** WARNING: you are running uWSGI as root !!! (use the --uid flag) *** 
*** uWSGI is running in multiple interpreter mode ***
spawned uWSGI master process (pid: 12402)
spawned uWSGI worker 1 (pid: 12426, cores: 1)
spawned uWSGI worker 2 (pid: 12427, cores: 1)
spawned uWSGI worker 3 (pid: 12428, cores: 1)
SIGINT/SIGQUIT received...killing workers...
worker 1 buried after 1 seconds
worker 2 buried after 1 seconds
worker 3 buried after 1 seconds
goodbye to uWSGI.
VACUUM: unix socket /root/starter/starter.sock removed.
*** Starting uWSGI 2.0.18 (64bit) on [Thu Mar  5 07:17:07 2020] ***
compiled with version: 7.4.0 on 05 March 2020 04:58:57
os: Linux-4.15.0-29-generic #31-Ubuntu SMP Tue Jul 17 15:39:52 UTC 2018
nodename: ebs-59510
machine: x86_64
clock source: unix
detected number of CPU cores: 4
current working directory: /root/starter
detected binary path: /root/.local/share/virtualenvs/starter-ELB0AcD-/bin/uwsgi
!!! no internal routing support, rebuild with pcre support !!!
uWSGI running as root, you can use --uid/--gid/--chroot options
*** WARNING: you are running uWSGI as root !!! (use the --uid flag) *** 
chdir() to /root/starter
your processes number limit is 15546
your memory page size is 4096 bytes
detected max file descriptor number: 1024
lock engine: pthread robust mutexes
thunder lock: disabled (you can enable it with --thunder-lock)
uwsgi socket 0 bound to UNIX address /root/starter/starter.sock fd 3
uwsgi socket 1 bound to TCP address 0.0.0.0:5000 fd 4
uWSGI running as root, you can use --uid/--gid/--chroot options
*** WARNING: you are running uWSGI as root !!! (use the --uid flag) *** 
Python version: 3.6.9 (default, Nov  7 2019, 10:44:02)  [GCC 8.3.0]
*** Python threads support is disabled. You can enable it with --enable-threads ***
Python main interpreter initialized at 0x561d9c0053c0
uWSGI running as root, you can use --uid/--gid/--chroot options
*** WARNING: you are running uWSGI as root !!! (use the --uid flag) *** 
your server socket listen backlog is limited to 100 connections
your mercy for graceful operations on workers is 60 seconds
mapped 291616 bytes (284 KB) for 3 cores
*** Operational MODE: preforking ***
INFO:flask.ext.cors:Configuring CORS with resources: {'/*': {'origins': ['.*'], 'methods': 'DELETE, GET, HEAD, OPTIONS, PATCH, POST, PUT', 'allow_headers': ['.*'], 'automatic_options': True, 'send_wildcard': False, 'vary_header': True, 'supports_credentials': False, 'resources': '/*', 'intercept_exceptions': True}}
WSGI app 0 (mountpoint='') ready in 3 seconds on interpreter 0x561d9c0053c0 pid: 12459 (default app)
uWSGI running as root, you can use --uid/--gid/--chroot options
*** WARNING: you are running uWSGI as root !!! (use the --uid flag) *** 
*** uWSGI is running in multiple interpreter mode ***
spawned uWSGI master process (pid: 12459)
spawned uWSGI worker 1 (pid: 12483, cores: 1)
spawned uWSGI worker 2 (pid: 12484, cores: 1)
spawned uWSGI worker 3 (pid: 12485, cores: 1)
SIGINT/SIGQUIT received...killing workers...
worker 1 buried after 1 seconds
worker 2 buried after 1 seconds
worker 3 buried after 1 seconds
goodbye to uWSGI.
VACUUM: unix socket /root/starter/starter.sock removed.
*** Starting uWSGI 2.0.18 (64bit) on [Thu Mar  5 07:18:07 2020] ***
compiled with version: 7.4.0 on 05 March 2020 04:58:57
os: Linux-4.15.0-29-generic #31-Ubuntu SMP Tue Jul 17 15:39:52 UTC 2018
nodename: ebs-59510
machine: x86_64
clock source: unix
detected number of CPU cores: 4
current working directory: /root/starter
detected binary path: /root/.local/share/virtualenvs/starter-ELB0AcD-/bin/uwsgi
!!! no internal routing support, rebuild with pcre support !!!
uWSGI running as root, you can use --uid/--gid/--chroot options
*** WARNING: you are running uWSGI as root !!! (use the --uid flag) *** 
chdir() to /root/starter
your processes number limit is 15546
your memory page size is 4096 bytes
detected max file descriptor number: 1024
lock engine: pthread robust mutexes
thunder lock: disabled (you can enable it with --thunder-lock)
uwsgi socket 0 bound to UNIX address /root/starter/starter.sock fd 3
uwsgi socket 1 bound to TCP address 127.0.0.0:5000 fd 4
uWSGI running as root, you can use --uid/--gid/--chroot options
*** WARNING: you are running uWSGI as root !!! (use the --uid flag) *** 
Python version: 3.6.9 (default, Nov  7 2019, 10:44:02)  [GCC 8.3.0]
*** Python threads support is disabled. You can enable it with --enable-threads ***
Python main interpreter initialized at 0x56386bafa310
uWSGI running as root, you can use --uid/--gid/--chroot options
*** WARNING: you are running uWSGI as root !!! (use the --uid flag) *** 
your server socket listen backlog is limited to 100 connections
your mercy for graceful operations on workers is 60 seconds
mapped 291616 bytes (284 KB) for 3 cores
*** Operational MODE: preforking ***
INFO:flask.ext.cors:Configuring CORS with resources: {'/*': {'origins': ['.*'], 'methods': 'DELETE, GET, HEAD, OPTIONS, PATCH, POST, PUT', 'allow_headers': ['.*'], 'automatic_options': True, 'send_wildcard': False, 'vary_header': True, 'supports_credentials': False, 'resources': '/*', 'intercept_exceptions': True}}
WSGI app 0 (mountpoint='') ready in 3 seconds on interpreter 0x56386bafa310 pid: 12487 (default app)
uWSGI running as root, you can use --uid/--gid/--chroot options
*** WARNING: you are running uWSGI as root !!! (use the --uid flag) *** 
*** uWSGI is running in multiple interpreter mode ***
spawned uWSGI master process (pid: 12487)
spawned uWSGI worker 1 (pid: 12511, cores: 1)
spawned uWSGI worker 2 (pid: 12512, cores: 1)
spawned uWSGI worker 3 (pid: 12513, cores: 1)
SIGINT/SIGQUIT received...killing workers...
worker 1 buried after 1 seconds
worker 2 buried after 1 seconds
worker 3 buried after 1 seconds
goodbye to uWSGI.
VACUUM: unix socket /root/starter/starter.sock removed.
*** Starting uWSGI 2.0.18 (64bit) on [Thu Mar  5 07:18:53 2020] ***
compiled with version: 7.4.0 on 05 March 2020 04:58:57
os: Linux-4.15.0-29-generic #31-Ubuntu SMP Tue Jul 17 15:39:52 UTC 2018
nodename: ebs-59510
machine: x86_64
clock source: unix
detected number of CPU cores: 4
current working directory: /root/starter
detected binary path: /root/.local/share/virtualenvs/starter-ELB0AcD-/bin/uwsgi
!!! no internal routing support, rebuild with pcre support !!!
uWSGI running as root, you can use --uid/--gid/--chroot options
*** WARNING: you are running uWSGI as root !!! (use the --uid flag) *** 
chdir() to /root/starter
your processes number limit is 15546
your memory page size is 4096 bytes
detected max file descriptor number: 1024
lock engine: pthread robust mutexes
thunder lock: disabled (you can enable it with --thunder-lock)
uwsgi socket 0 bound to UNIX address /root/starter/starter.sock fd 3
uwsgi socket 1 bound to TCP address 127.0.0.0:5000 fd 4
uWSGI running as root, you can use --uid/--gid/--chroot options
*** WARNING: you are running uWSGI as root !!! (use the --uid flag) *** 
Python version: 3.6.9 (default, Nov  7 2019, 10:44:02)  [GCC 8.3.0]
*** Python threads support is disabled. You can enable it with --enable-threads ***
Python main interpreter initialized at 0x555b910243c0
uWSGI running as root, you can use --uid/--gid/--chroot options
*** WARNING: you are running uWSGI as root !!! (use the --uid flag) *** 
your server socket listen backlog is limited to 100 connections
your mercy for graceful operations on workers is 60 seconds
mapped 291616 bytes (284 KB) for 3 cores
*** Operational MODE: preforking ***
INFO:flask.ext.cors:Configuring CORS with resources: {'/*': {'origins': ['.*'], 'methods': 'DELETE, GET, HEAD, OPTIONS, PATCH, POST, PUT', 'allow_headers': ['.*'], 'automatic_options': True, 'send_wildcard': False, 'vary_header': True, 'supports_credentials': False, 'resources': '/*', 'intercept_exceptions': True}}
WSGI app 0 (mountpoint='') ready in 3 seconds on interpreter 0x555b910243c0 pid: 12517 (default app)
uWSGI running as root, you can use --uid/--gid/--chroot options
*** WARNING: you are running uWSGI as root !!! (use the --uid flag) *** 
*** uWSGI is running in multiple interpreter mode ***
spawned uWSGI master process (pid: 12517)
spawned uWSGI worker 1 (pid: 12541, cores: 1)
spawned uWSGI worker 2 (pid: 12542, cores: 1)
spawned uWSGI worker 3 (pid: 12543, cores: 1)
SIGINT/SIGQUIT received...killing workers...
worker 1 buried after 1 seconds
worker 2 buried after 1 seconds
worker 3 buried after 1 seconds
goodbye to uWSGI.
VACUUM: unix socket /root/starter/starter.sock removed.
